Bresenhams_Vk/app/build/intermediates/manifest_merge_blame_file/debug/manifest-merger-blame-debug-report.txt
1<?xml version="1.0" encoding="utf-8"?>
2<manifest xmlns:android="http://schemas.android.com/apk/res/android"
3    package="com.android.hellovk" >
4
5    <uses-sdk
6        android:minSdkVersion="30"
7        android:targetSdkVersion="33" />
8
9    <permission
9-->[androidx.core:core:1.10.1] AndroidManifest.xml:22:5-24:47
10        android:name="com.android.hellovk.DYNAMIC_RECEIVER_NOT_EXPORTED_PERMISSION"
10-->[androidx.core:core:1.10.1] AndroidManifest.xml:23:9-81
11        android:protectionLevel="signature" />
11-->[androidx.core:core:1.10.1] AndroidManifest.xml:24:9-44
12
13    <uses-permission android:name="com.android.hellovk.DYNAMIC_RECEIVER_NOT_EXPORTED_PERMISSION" />
13-->[androidx.core:core:1.10.1] AndroidManifest.xml:26:5-97
13-->[androidx.core:core:1.10.1] AndroidManifest.xml:26:22-94
14
15    <application
15-->src/main/AndroidManifest.xml:4:3-17:17
16        android:appComponentFactory="androidx.core.app.CoreComponentFactory"
16-->[androidx.core:core:1.10.1] AndroidManifest.xml:28:18-86
17        android:debuggable="true"
18        android:extractNativeLibs="false"
19        android:icon="@mipmap/ic_launcher"
19-->src/main/AndroidManifest.xml:5:7-41
20        android:label="@string/hellovk_activity" >
20-->src/main/AndroidManifest.xml:6:7-47
21        <activity
21-->src/main/AndroidManifest.xml:7:5-16:16
22            android:name="com.android.hellovk.VulkanActivity"
22-->src/main/AndroidManifest.xml:7:15-44
23            android:configChanges="orientation|screenSize|keyboardHidden"
23-->src/main/AndroidManifest.xml:11:15-76
24            android:exported="true"
24-->src/main/AndroidManifest.xml:10:15-38
25            android:launchMode="singleTask"
25-->src/main/AndroidManifest.xml:9:15-46
26            android:theme="@style/Application.Fullscreen" >
26-->src/main/AndroidManifest.xml:8:15-60
27            <intent-filter>
27-->src/main/AndroidManifest.xml:12:7-15:23
28                <action android:name="android.intent.action.MAIN" />
28-->src/main/AndroidManifest.xml:13:9-61
28-->src/main/AndroidManifest.xml:13:17-58
29
30                <category android:name="android.intent.category.LAUNCHER" />
30-->src/main/AndroidManifest.xml:14:9-69
30-->src/main/AndroidManifest.xml:14:19-66
31            </intent-filter>
32        </activity>
33
34        <provider
34-->[androidx.emoji2:emoji2:1.2.0] AndroidManifest.xml:24:9-32:20
35            android:name="androidx.startup.InitializationProvider"
35-->[androidx.emoji2:emoji2:1.2.0] AndroidManifest.xml:25:13-67
36            android:authorities="com.android.hellovk.androidx-startup"
36-->[androidx.emoji2:emoji2:1.2.0] AndroidManifest.xml:26:13-68
37            android:exported="false" >
37-->[androidx.emoji2:emoji2:1.2.0] AndroidManifest.xml:27:13-37
38            <meta-data
38-->[androidx.emoji2:emoji2:1.2.0] AndroidManifest.xml:29:13-31:52
39                android:name="androidx.emoji2.text.EmojiCompatInitializer"
39-->[androidx.emoji2:emoji2:1.2.0] AndroidManifest.xml:30:17-75
40                android:value="androidx.startup" />
40-->[androidx.emoji2:emoji2:1.2.0] AndroidManifest.xml:31:17-49
41            <meta-data
41-->[androidx.lifecycle:lifecycle-process:2.4.1] AndroidManifest.xml:31:13-33:52
42                android:name="androidx.lifecycle.ProcessLifecycleInitializer"
42-->[androidx.lifecycle:lifecycle-process:2.4.1] AndroidManifest.xml:32:17-78
43                android:value="androidx.startup" />
43-->[androidx.lifecycle:lifecycle-process:2.4.1] AndroidManifest.xml:33:17-49
44        </provider>
45    </application>
46
47</manifest>